{"level":"warn","message":"primeiro teste com o winston","timestamp":"2017-03-27T10:58:08.619Z"}
{"level":"warn","message":"primeiro teste com o winston","timestamp":"2017-03-27T11:01:01.000Z"}
{"level":"warn","message":"primeiro teste com o winston","timestamp":"2017-03-27T11:03:52.259Z"}
{"level":"warn","message":"primeiro teste com o winston","timestamp":"2017-03-27T11:05:28.115Z"}
{"level":"warn","message":"primeiro teste com o winston","timestamp":"2017-03-27T11:07:36.648Z"}
{"level":"warn","message":"primeiro teste com o winston","timestamp":"2017-03-27T11:07:46.682Z"}
{"level":"warn","message":"primeiro teste com o winston","timestamp":"2017-03-27T11:08:12.478Z"}
{"level":"warn","message":"primeiro teste com o winston","timestamp":"2017-03-27T11:08:21.798Z"}
{"level":"warn","message":"primeiro teste com o winston","timestamp":"2017-03-27T11:08:31.658Z"}
{"level":"warn","message":"primeiro teste com o winston","timestamp":"2017-03-27T11:15:42.076Z"}
{"level":"warn","message":"primeiro teste com o winston","timestamp":"2017-03-27T11:15:57.630Z"}
{"level":"warn","message":"primeiro teste com o winston","timestamp":"2017-03-27T11:16:08.514Z"}
{"level":"warn","message":"primeiro teste com o winston","timestamp":"2017-03-27T11:21:40.978Z"}
{"level":"warn","message":"primeiro teste com o winston","timestamp":"2017-03-27T11:22:04.389Z"}
{"level":"warn","message":"primeiro teste com o winston","timestamp":"2017-03-27T11:24:12.002Z"}
{"level":"warn","message":"primeiro teste com o winston","timestamp":"2017-03-27T11:33:42.849Z"}
{"level":"warn","message":"primeiro teste com o winston","timestamp":"2017-03-27T11:34:21.809Z"}
{"level":"warn","message":"primeiro teste com o winston","timestamp":"2017-03-27T11:35:36.579Z"}
{"level":"warn","message":"primeiro teste com o winston","timestamp":"2017-03-27T11:44:28.115Z"}
{"level":"warn","message":"primeiro teste com o winston","timestamp":"2017-03-27T11:48:27.567Z"}
{"level":"warn","message":"primeiro teste com o winston","timestamp":"2017-03-27T11:49:04.484Z"}
{"level":"warn","message":"primeiro teste com o winston","timestamp":"2017-03-27T11:49:09.365Z"}
{"level":"warn","message":"primeiro teste com o winston","timestamp":"2017-03-27T11:49:50.537Z"}
{"level":"warn","message":"primeiro teste com o winston","timestamp":"2017-03-27T11:50:52.276Z"}
{"level":"warn","message":"primeiro teste com o winston","timestamp":"2017-03-27T11:58:56.141Z"}
{"level":"warn","message":"primeiro teste com o winston","timestamp":"2017-03-27T12:43:05.233Z"}
{"level":"warn","message":"primeiro teste com o winston","timestamp":"2017-03-27T12:43:08.702Z"}
{"level":"warn","message":"primeiro teste com o winston","timestamp":"2017-03-27T12:43:53.849Z"}
{"level":"warn","message":"primeiro teste com o winston","timestamp":"2017-03-27T12:47:01.650Z"}
{"data":"2017-03-27T12:51:25.328Z","level":"warn","message":"Servidor Inicializado","timestamp":"2017-03-27T12:51:25.329Z"}
{"data":"2017-03-27T12:53:32.614Z","level":"warn","message":"Servidor Inicializado","timestamp":"2017-03-27T12:53:32.615Z"}
{"data":"2017-03-27T12:55:44.207Z","level":"warn","message":"Servidor Inicializado","timestamp":"2017-03-27T12:55:44.209Z"}
{"level":"warn","message":"Servidor Inicializado","timestamp":"2017-03-27T12:56:02.458Z"}
{"computer":"mathias-the-best","level":"warn","message":"Servidor Inicializado","timestamp":"2017-03-27T12:57:27.433Z"}
{"data":"2017-03-27T12:57:43.470Z","computer":"mathias-the-best","level":"warn","message":"Servidor Inicializado","timestamp":"2017-03-27T12:57:43.471Z"}
{"data":"2017-03-27T12:58:37.543Z","computer":"mathias-the-best","level":"warn","message":"Servidor Inicializado","timestamp":"2017-03-27T12:58:37.544Z"}
{"data":"2017-03-27T12:59:46.104Z","computer":"mathias-the-best","level":"warn","message":"Servidor Inicializado","timestamp":"2017-03-27T12:59:46.105Z"}
{"data":"2017-03-27T13:00:53.748Z","computer":"mathias-the-best","level":"warn","message":"Servidor Inicializado","timestamp":"2017-03-27T13:00:53.749Z"}
{"data":"2017-03-27T13:01:00.926Z","computer":"mathias-the-best","level":"warn","message":"Servidor Inicializado","timestamp":"2017-03-27T13:01:00.927Z"}
{"data":"2017-03-27T13:02:08.120Z","computer":"mathias-the-best","level":"warn","message":"Servidor Inicializado","timestamp":"2017-03-27T13:02:08.122Z"}
{"data":"2017-03-27T13:11:46.793Z","computer":"mathias-the-best","level":"warn","message":"Servidor Inicializado","timestamp":"2017-03-27T13:11:46.794Z"}
{"data":"2017-03-27T13:12:16.929Z","computer":"mathias-the-best","level":"warn","message":"Servidor Inicializado","timestamp":"2017-03-27T13:12:16.931Z"}
{"data":"2017-03-27T13:16:22.406Z","computer":"mathias-the-best","level":"warn","message":"Servidor Inicializado","timestamp":"2017-03-27T13:16:22.407Z"}
{"data":"2017-03-27T13:30:57.311Z","computer":"mathias-the-best","level":"warn","message":"Servidor Inicializado","timestamp":"2017-03-27T13:30:57.313Z"}
{"data":"2017-03-30T10:44:16.069Z","computer":"mathias-the-best","level":"warn","message":"Servidor Inicializado","timestamp":"2017-03-30T10:44:16.070Z"}
{"data":"2017-03-30T10:45:01.586Z","computer":"mathias-the-best","level":"warn","message":"Servidor Inicializado","timestamp":"2017-03-30T10:45:01.587Z"}
{"data":"2017-03-30T10:46:40.186Z","computer":"mathias-the-best","level":"warn","message":"Servidor Inicializado","timestamp":"2017-03-30T10:46:40.188Z"}
{"data":"2017-03-30T10:47:26.679Z","computer":"mathias-the-best","level":"warn","message":"Servidor Inicializado","timestamp":"2017-03-30T10:47:26.680Z"}
{"data":"2017-03-30T10:51:18.834Z","computer":"mathias-the-best","level":"warn","message":"Servidor Inicializado","timestamp":"2017-03-30T10:51:18.837Z"}
{"data":"2017-03-30T10:59:46.601Z","computer":"mathias-the-best","level":"warn","message":"Servidor Inicializado","timestamp":"2017-03-30T10:59:46.602Z"}
{"data":"2017-03-30T11:00:00.811Z","computer":"mathias-the-best","level":"warn","message":"Servidor Inicializado","timestamp":"2017-03-30T11:00:00.812Z"}
{"data":"2017-03-30T11:00:22.893Z","computer":"mathias-the-best","level":"warn","message":"Servidor Inicializado","timestamp":"2017-03-30T11:00:22.894Z"}
{"data":"2017-03-30T11:00:41.739Z","computer":"mathias-the-best","level":"warn","message":"Servidor Inicializado","timestamp":"2017-03-30T11:00:41.741Z"}
{"data":"2017-03-30T11:01:52.917Z","computer":"mathias-the-best","level":"warn","message":"Servidor Inicializado","timestamp":"2017-03-30T11:01:52.918Z"}
{"data":"2017-03-30T11:04:25.650Z","computer":"mathias-the-best","level":"warn","message":"Servidor Inicializado","timestamp":"2017-03-30T11:04:25.651Z"}
{"data":"2017-03-30T11:04:58.852Z","computer":"mathias-the-best","level":"warn","message":"Servidor Inicializado","timestamp":"2017-03-30T11:04:58.854Z"}
{"data":"2017-03-30T11:26:45.203Z","computer":"mathias-the-best","level":"warn","message":"Servidor Inicializado","timestamp":"2017-03-30T11:26:45.204Z"}
{"data":"2017-03-30T11:27:00.701Z","computer":"mathias-the-best","level":"warn","message":"Servidor Inicializado","timestamp":"2017-03-30T11:27:00.704Z"}
{"data":"2017-03-30T11:28:42.847Z","computer":"mathias-the-best","level":"warn","message":"Servidor Inicializado","timestamp":"2017-03-30T11:28:42.848Z"}
{"data":"2017-03-30T11:48:38.651Z","computer":"mathias-the-best","level":"warn","message":"Servidor Inicializado","timestamp":"2017-03-30T11:48:38.652Z"}
{"data":"2017-03-30T12:00:37.690Z","computer":"mathias-the-best","level":"warn","message":"Servidor Inicializado","timestamp":"2017-03-30T12:00:37.691Z"}
{"data":"2017-03-30T12:01:23.503Z","computer":"mathias-the-best","level":"warn","message":"Servidor Inicializado","timestamp":"2017-03-30T12:01:23.504Z"}
{"data":"2017-03-30T12:01:54.703Z","computer":"mathias-the-best","level":"warn","message":"Servidor Inicializado","timestamp":"2017-03-30T12:01:54.714Z"}
{"data":"2017-03-30T12:01:57.178Z","computer":"mathias-the-best","level":"warn","message":"Servidor Inicializado","timestamp":"2017-03-30T12:01:57.180Z"}
{"data":"2017-03-30T12:02:20.922Z","computer":"mathias-the-best","level":"warn","message":"Servidor Inicializado","timestamp":"2017-03-30T12:02:20.925Z"}
{"data":"2017-03-30T12:02:29.244Z","computer":"mathias-the-best","level":"warn","message":"Servidor Inicializado","timestamp":"2017-03-30T12:02:29.245Z"}
{"data":"2017-03-30T12:02:56.245Z","computer":"mathias-the-best","level":"warn","message":"Servidor Inicializado","timestamp":"2017-03-30T12:02:56.246Z"}
{"data":"2017-03-30T12:03:55.291Z","computer":"mathias-the-best","level":"warn","message":"Servidor Inicializado","timestamp":"2017-03-30T12:03:55.292Z"}
{"data":"2017-03-30T12:04:18.372Z","computer":"mathias-the-best","level":"warn","message":"Servidor Inicializado","timestamp":"2017-03-30T12:04:18.373Z"}
{"data":"2017-03-30T12:05:36.292Z","computer":"mathias-the-best","level":"warn","message":"Servidor Inicializado","timestamp":"2017-03-30T12:05:36.293Z"}
{"data":"2017-03-30T12:06:00.069Z","computer":"mathias-the-best","level":"warn","message":"Servidor Inicializado","timestamp":"2017-03-30T12:06:00.071Z"}
{"data":"2017-03-30T12:06:38.296Z","computer":"mathias-the-best","level":"warn","message":"Servidor Inicializado","timestamp":"2017-03-30T12:06:38.297Z"}
{"data":"2017-03-30T12:07:10.755Z","computer":"mathias-the-best","level":"warn","message":"Servidor Inicializado","timestamp":"2017-03-30T12:07:10.756Z"}
{"data":"2017-03-30T12:09:55.449Z","computer":"mathias-the-best","level":"warn","message":"Servidor Inicializado","timestamp":"2017-03-30T12:09:55.450Z"}
{"data":"2017-03-30T12:10:21.653Z","computer":"mathias-the-best","level":"warn","message":"Servidor Inicializado","timestamp":"2017-03-30T12:10:21.654Z"}
{"data":"2017-03-30T12:11:15.605Z","computer":"mathias-the-best","level":"warn","message":"Servidor Inicializado","timestamp":"2017-03-30T12:11:15.606Z"}
{"data":"2017-03-30T12:13:32.238Z","computer":"mathias-the-best","level":"warn","message":"Servidor Inicializado","timestamp":"2017-03-30T12:13:32.239Z"}
{"data":"2017-03-30T12:13:55.711Z","computer":"mathias-the-best","level":"warn","message":"Servidor Inicializado","timestamp":"2017-03-30T12:13:55.712Z"}
{"data":"2017-03-30T12:15:56.461Z","computer":"mathias-the-best","level":"warn","message":"Servidor Inicializado","timestamp":"2017-03-30T12:15:56.462Z"}
{"data":"2017-03-30T12:16:13.538Z","computer":"mathias-the-best","level":"warn","message":"Servidor Inicializado","timestamp":"2017-03-30T12:16:13.539Z"}
{"data":"2017-03-30T12:16:33.157Z","computer":"mathias-the-best","level":"warn","message":"Servidor Inicializado","timestamp":"2017-03-30T12:16:33.159Z"}
{"data":"2017-03-30T12:20:58.025Z","computer":"mathias-the-best","level":"warn","message":"Servidor Inicializado","timestamp":"2017-03-30T12:20:58.027Z"}
{"data":"2017-03-30T12:21:33.492Z","computer":"mathias-the-best","level":"warn","message":"Servidor Inicializado","timestamp":"2017-03-30T12:21:33.493Z"}
{"data":"2017-03-30T12:21:42.537Z","computer":"mathias-the-best","level":"warn","message":"Servidor Inicializado","timestamp":"2017-03-30T12:21:42.538Z"}
{"data":"2017-03-30T12:22:05.799Z","computer":"mathias-the-best","level":"warn","message":"Servidor Inicializado","timestamp":"2017-03-30T12:22:05.800Z"}
{"data":"2017-03-30T12:50:14.670Z","computer":"mathias-the-best","level":"warn","message":"Servidor Inicializado","timestamp":"2017-03-30T12:50:14.671Z"}
{"data":"2017-03-30T12:50:24.004Z","computer":"mathias-the-best","level":"warn","message":"Servidor Inicializado","timestamp":"2017-03-30T12:50:24.005Z"}
{"data":"2017-03-30T12:50:32.361Z","computer":"mathias-the-best","level":"warn","message":"Servidor Inicializado","timestamp":"2017-03-30T12:50:32.362Z"}
{"data":"2017-03-30T13:01:10.927Z","computer":"mathias-the-best","level":"warn","message":"Servidor Inicializado","timestamp":"2017-03-30T13:01:10.928Z"}
{"data":"2017-03-30T14:05:04.490Z","computer":"mathias-the-best","level":"warn","message":"Servidor Inicializado","timestamp":"2017-03-30T14:05:04.491Z"}
{"data":"2017-03-30T14:05:17.108Z","computer":"mathias-the-best","level":"warn","message":"Servidor Inicializado","timestamp":"2017-03-30T14:05:17.109Z"}
{"data":"2017-03-30T14:05:34.951Z","computer":"mathias-the-best","level":"warn","message":"Servidor Inicializado","timestamp":"2017-03-30T14:05:34.952Z"}
{"data":"2017-03-30T14:08:18.878Z","computer":"mathias-the-best","level":"warn","message":"Servidor Inicializado","timestamp":"2017-03-30T14:08:18.879Z"}
{"data":"2017-03-30T14:08:29.942Z","computer":"mathias-the-best","level":"warn","message":"Servidor Inicializado","timestamp":"2017-03-30T14:08:29.944Z"}
{"data":"2017-03-30T14:09:11.095Z","computer":"mathias-the-best","level":"warn","message":"Servidor Inicializado","timestamp":"2017-03-30T14:09:11.097Z"}
{"data":"2017-03-30T14:12:41.258Z","computer":"mathias-the-best","level":"warn","message":"Servidor Inicializado","timestamp":"2017-03-30T14:12:41.259Z"}
{"data":"2017-03-30T14:12:56.358Z","computer":"mathias-the-best","level":"warn","message":"Servidor Inicializado","timestamp":"2017-03-30T14:12:56.359Z"}
{"data":"2017-03-30T14:13:03.807Z","computer":"mathias-the-best","level":"warn","message":"Servidor Inicializado","timestamp":"2017-03-30T14:13:03.809Z"}
{"data":"2017-03-30T14:13:53.473Z","computer":"mathias-the-best","level":"warn","message":"Servidor Inicializado","timestamp":"2017-03-30T14:13:53.474Z"}
{"data":"2017-03-30T14:29:20.955Z","computer":"mathias-the-best","level":"warn","message":"Servidor Inicializado","timestamp":"2017-03-30T14:29:20.956Z"}
{"data":"2017-03-30T14:30:28.401Z","computer":"mathias-the-best","level":"warn","message":"Servidor Inicializado","timestamp":"2017-03-30T14:30:28.402Z"}
{"data":"2017-03-30T14:30:42.705Z","computer":"mathias-the-best","level":"warn","message":"Servidor Inicializado","timestamp":"2017-03-30T14:30:42.706Z"}
{"data":"2017-03-30T14:30:46.346Z","computer":"mathias-the-best","level":"warn","message":"Servidor Inicializado","timestamp":"2017-03-30T14:30:46.347Z"}
{"data":"2017-03-30T14:31:13.631Z","computer":"mathias-the-best","level":"warn","message":"Servidor Inicializado","timestamp":"2017-03-30T14:31:13.632Z"}
{"data":"2017-03-30T14:33:23.728Z","computer":"mathias-the-best","level":"warn","message":"Servidor Inicializado","timestamp":"2017-03-30T14:33:23.729Z"}
{"data":"2017-03-30T14:35:09.562Z","computer":"mathias-the-best","level":"warn","message":"Servidor Inicializado","timestamp":"2017-03-30T14:35:09.563Z"}
{"data":"2017-03-30T14:35:33.778Z","computer":"mathias-the-best","level":"warn","message":"Servidor Inicializado","timestamp":"2017-03-30T14:35:33.779Z"}
{"data":"2017-03-30T14:42:04.910Z","computer":"mathias-the-best","level":"warn","message":"Servidor Inicializado","timestamp":"2017-03-30T14:42:04.911Z"}
{"data":"2017-03-30T14:42:17.414Z","computer":"mathias-the-best","level":"warn","message":"Servidor Inicializado","timestamp":"2017-03-30T14:42:17.415Z"}
{"data":"2017-03-30T14:43:07.521Z","computer":"mathias-the-best","level":"warn","message":"Servidor Inicializado","timestamp":"2017-03-30T14:43:07.523Z"}
{"data":"2017-03-30T14:44:15.375Z","computer":"mathias-the-best","level":"warn","message":"Servidor Inicializado","timestamp":"2017-03-30T14:44:15.376Z"}
{"data":"2017-04-02T23:21:13.046Z","computer":"mathias-the-best","level":"warn","message":"Servidor Inicializado","timestamp":"2017-04-02T23:21:13.047Z"}
{"data":"2017-04-02T23:21:42.741Z","computer":"mathias-the-best","level":"warn","message":"Servidor Inicializado","timestamp":"2017-04-02T23:21:42.743Z"}
{"data":"2017-04-02T23:22:01.668Z","computer":"mathias-the-best","level":"warn","message":"Servidor Inicializado","timestamp":"2017-04-02T23:22:01.669Z"}
{"data":"2017-04-02T23:22:10.108Z","computer":"mathias-the-best","level":"warn","message":"Servidor Inicializado","timestamp":"2017-04-02T23:22:10.109Z"}
{"data":"2017-04-03T11:54:28.863Z","computer":"mathias-the-best","level":"warn","message":"Servidor Inicializado","timestamp":"2017-04-03T11:54:28.865Z"}
{"data":"2017-04-03T11:54:50.431Z","computer":"mathias-the-best","level":"warn","message":"Servidor Inicializado","timestamp":"2017-04-03T11:54:50.432Z"}
{"data":"2017-04-03T11:55:12.285Z","computer":"mathias-the-best","level":"warn","message":"Servidor Inicializado","timestamp":"2017-04-03T11:55:12.286Z"}
{"data":"2017-04-03T11:55:41.527Z","computer":"mathias-the-best","level":"warn","message":"Servidor Inicializado","timestamp":"2017-04-03T11:55:41.529Z"}
{"data":"2017-04-03T12:26:34.369Z","computer":"mathias-the-best","level":"warn","message":"Servidor Inicializado","timestamp":"2017-04-03T12:26:34.371Z"}
{"data":"2017-04-03T12:27:36.990Z","computer":"mathias-the-best","level":"warn","message":"Servidor Inicializado","timestamp":"2017-04-03T12:27:36.991Z"}
{"data":"2017-04-03T12:27:45.747Z","computer":"mathias-the-best","level":"warn","message":"Servidor Inicializado","timestamp":"2017-04-03T12:27:45.748Z"}
{"data":"2017-04-03T12:30:40.487Z","computer":"mathias-the-best","level":"warn","message":"Servidor Inicializado","timestamp":"2017-04-03T12:30:40.489Z"}
{"data":"2017-04-03T12:32:58.855Z","computer":"mathias-the-best","level":"warn","message":"Servidor Inicializado","timestamp":"2017-04-03T12:32:58.857Z"}
{"data":"2017-04-03T12:33:28.528Z","computer":"mathias-the-best","level":"warn","message":"Servidor Inicializado","timestamp":"2017-04-03T12:33:28.529Z"}
{"data":"2017-04-03T12:34:13.576Z","computer":"mathias-the-best","level":"warn","message":"Servidor Inicializado","timestamp":"2017-04-03T12:34:13.577Z"}
{"data":"2017-04-03T12:34:50.663Z","computer":"mathias-the-best","level":"warn","message":"Servidor Inicializado","timestamp":"2017-04-03T12:34:50.664Z"}
{"data":"2017-04-03T12:35:40.485Z","computer":"mathias-the-best","level":"warn","message":"Servidor Inicializado","timestamp":"2017-04-03T12:35:40.486Z"}
{"data":"2017-04-03T12:37:16.954Z","computer":"mathias-the-best","level":"warn","message":"Servidor Inicializado","timestamp":"2017-04-03T12:37:16.955Z"}
{"data":"2017-04-03T12:37:48.270Z","computer":"mathias-the-best","level":"warn","message":"Servidor Inicializado","timestamp":"2017-04-03T12:37:48.271Z"}
{"data":"2017-04-03T12:37:58.821Z","computer":"mathias-the-best","level":"warn","message":"Servidor Inicializado","timestamp":"2017-04-03T12:37:58.822Z"}
{"data":"2017-04-03T12:38:01.992Z","computer":"mathias-the-best","level":"warn","message":"Servidor Inicializado","timestamp":"2017-04-03T12:38:01.993Z"}
{"data":"2017-04-03T12:38:09.264Z","computer":"mathias-the-best","level":"warn","message":"Servidor Inicializado","timestamp":"2017-04-03T12:38:09.265Z"}
{"data":"2017-04-03T13:32:03.738Z","computer":"mathias-the-best","level":"warn","message":"Servidor Inicializado","timestamp":"2017-04-03T13:32:03.739Z"}
{"data":"2017-04-03T22:54:39.930Z","computer":"mathias-the-best","level":"warn","message":"Servidor Inicializado","timestamp":"2017-04-03T22:54:39.931Z"}
{"data":"2017-04-03T22:57:06.843Z","computer":"mathias-the-best","level":"warn","message":"Servidor Inicializado","timestamp":"2017-04-03T22:57:06.845Z"}
{"data":"2017-04-03T23:19:20.529Z","computer":"mathias-the-best","level":"warn","message":"Servidor Inicializado","timestamp":"2017-04-03T23:19:20.530Z"}
{"data":"2017-04-03T23:25:01.372Z","computer":"mathias-the-best","level":"warn","message":"Servidor Inicializado","timestamp":"2017-04-03T23:25:01.373Z"}
{"data":"2017-04-03T23:25:49.154Z","computer":"mathias-the-best","level":"warn","message":"Servidor Inicializado","timestamp":"2017-04-03T23:25:49.156Z"}
{"data":"2017-04-03T23:27:08.279Z","computer":"mathias-the-best","level":"warn","message":"Servidor Inicializado","timestamp":"2017-04-03T23:27:08.280Z"}
{"data":"2017-04-03T23:27:22.178Z","computer":"mathias-the-best","level":"warn","message":"Servidor Inicializado","timestamp":"2017-04-03T23:27:22.179Z"}
{"data":"2017-04-03T23:28:31.455Z","computer":"mathias-the-best","level":"warn","message":"Servidor Inicializado","timestamp":"2017-04-03T23:28:31.456Z"}
{"data":"2017-04-03T23:38:04.805Z","computer":"mathias-the-best","level":"warn","message":"Servidor Inicializado","timestamp":"2017-04-03T23:38:04.807Z"}
{"data":"2017-04-03T23:38:47.528Z","computer":"mathias-the-best","level":"warn","message":"Servidor Inicializado","timestamp":"2017-04-03T23:38:47.529Z"}
{"data":"2017-04-04T12:23:34.415Z","computer":"mathias-the-best","level":"warn","message":"Servidor Inicializado","timestamp":"2017-04-04T12:23:34.416Z"}
{"data":"2017-04-04T12:28:07.759Z","computer":"mathias-the-best","level":"warn","message":"Servidor Inicializado","timestamp":"2017-04-04T12:28:07.761Z"}
{"data":"2017-04-04T12:34:32.576Z","computer":"mathias-the-best","level":"warn","message":"Servidor Inicializado","timestamp":"2017-04-04T12:34:32.578Z"}
{"data":"2017-04-04T12:50:04.087Z","computer":"mathias-the-best","level":"warn","message":"Servidor Inicializado","timestamp":"2017-04-04T12:50:04.088Z"}
{"data":"2017-04-04T12:53:13.340Z","computer":"mathias-the-best","level":"warn","message":"Servidor Inicializado","timestamp":"2017-04-04T12:53:13.342Z"}
{"data":"2017-04-04T16:15:28.516Z","computer":"mathias-the-best","level":"warn","message":"Servidor Inicializado","timestamp":"2017-04-04T16:15:28.517Z"}
{"data":"2017-04-04T16:25:50.161Z","computer":"mathias-the-best","level":"warn","message":"Servidor Inicializado","timestamp":"2017-04-04T16:25:50.163Z"}
{"data":"2017-04-04T21:37:50.645Z","computer":"mathias-the-best","level":"warn","message":"Servidor Inicializado","timestamp":"2017-04-04T21:37:50.646Z"}
{"data":"2017-04-04T21:39:58.356Z","computer":"mathias-the-best","level":"warn","message":"Servidor Inicializado","timestamp":"2017-04-04T21:39:58.358Z"}
{"data":"2017-04-04T21:42:42.440Z","computer":"mathias-the-best","level":"warn","message":"Servidor Inicializado","timestamp":"2017-04-04T21:42:42.442Z"}
{"data":"2017-04-04T21:43:11.995Z","computer":"mathias-the-best","level":"warn","message":"Servidor Inicializado","timestamp":"2017-04-04T21:43:11.996Z"}
{"data":"2017-04-04T21:43:47.612Z","computer":"mathias-the-best","level":"warn","message":"Servidor Inicializado","timestamp":"2017-04-04T21:43:47.614Z"}
{"data":"2017-04-04T21:45:52.898Z","computer":"mathias-the-best","level":"warn","message":"Servidor Inicializado","timestamp":"2017-04-04T21:45:52.899Z"}
{"data":"2017-04-04T23:51:00.197Z","computer":"mathias-the-best","level":"warn","message":"Servidor Inicializado","timestamp":"2017-04-04T23:51:00.198Z"}
{"data":"2017-04-04T23:53:21.201Z","computer":"mathias-the-best","level":"warn","message":"Servidor Inicializado","timestamp":"2017-04-04T23:53:21.203Z"}
{"data":"2017-04-04T23:53:34.442Z","computer":"mathias-the-best","level":"warn","message":"Servidor Inicializado","timestamp":"2017-04-04T23:53:34.443Z"}
{"data":"2017-04-04T23:57:34.737Z","computer":"mathias-the-best","level":"warn","message":"Servidor Inicializado","timestamp":"2017-04-04T23:57:34.738Z"}
{"data":"2017-04-04T23:58:01.466Z","computer":"mathias-the-best","level":"warn","message":"Servidor Inicializado","timestamp":"2017-04-04T23:58:01.467Z"}
{"data":"2017-04-05T00:08:29.903Z","computer":"mathias-the-best","level":"warn","message":"Servidor Inicializado","timestamp":"2017-04-05T00:08:29.904Z"}
{"data":"2017-04-05T00:09:30.788Z","computer":"mathias-the-best","level":"warn","message":"Servidor Inicializado","timestamp":"2017-04-05T00:09:30.790Z"}
{"data":"2017-04-05T00:12:51.378Z","computer":"mathias-the-best","level":"warn","message":"Servidor Inicializado","timestamp":"2017-04-05T00:12:51.380Z"}
{"data":"2017-04-05T00:16:00.914Z","computer":"mathias-the-best","level":"warn","message":"Servidor Inicializado","timestamp":"2017-04-05T00:16:00.915Z"}
{"data":"2017-04-05T00:17:23.120Z","computer":"mathias-the-best","level":"warn","message":"Servidor Inicializado","timestamp":"2017-04-05T00:17:23.122Z"}
{"data":"2017-04-05T00:20:50.503Z","computer":"mathias-the-best","level":"warn","message":"Servidor Inicializado","timestamp":"2017-04-05T00:20:50.504Z"}
{"data":"2017-04-05T00:22:00.493Z","computer":"mathias-the-best","level":"warn","message":"Servidor Inicializado","timestamp":"2017-04-05T00:22:00.494Z"}
{"data":"2017-04-05T00:23:01.972Z","computer":"mathias-the-best","level":"warn","message":"Servidor Inicializado","timestamp":"2017-04-05T00:23:01.974Z"}
{"data":"2017-04-05T00:23:16.243Z","computer":"mathias-the-best","level":"warn","message":"Servidor Inicializado","timestamp":"2017-04-05T00:23:16.245Z"}
{"data":"2017-04-05T00:23:41.128Z","computer":"mathias-the-best","level":"warn","message":"Servidor Inicializado","timestamp":"2017-04-05T00:23:41.130Z"}
{"data":"2017-04-05T00:24:24.762Z","computer":"mathias-the-best","level":"warn","message":"Servidor Inicializado","timestamp":"2017-04-05T00:24:24.764Z"}
{"data":"2017-04-05T00:25:39.183Z","computer":"mathias-the-best","level":"warn","message":"Servidor Inicializado","timestamp":"2017-04-05T00:25:39.184Z"}
{"data":"2017-04-05T00:26:02.178Z","computer":"mathias-the-best","level":"warn","message":"Servidor Inicializado","timestamp":"2017-04-05T00:26:02.179Z"}
{"data":"2017-04-05T00:28:19.142Z","computer":"mathias-the-best","level":"warn","message":"Servidor Inicializado","timestamp":"2017-04-05T00:28:19.143Z"}
{"data":"2017-04-05T00:30:24.208Z","computer":"mathias-the-best","level":"warn","message":"Servidor Inicializado","timestamp":"2017-04-05T00:30:24.210Z"}
{"data":"2017-04-05T00:32:23.678Z","computer":"mathias-the-best","level":"warn","message":"Servidor Inicializado","timestamp":"2017-04-05T00:32:23.679Z"}
{"data":"2017-04-05T00:33:35.912Z","computer":"mathias-the-best","level":"warn","message":"Servidor Inicializado","timestamp":"2017-04-05T00:33:35.913Z"}
{"data":"2017-04-05T00:33:50.606Z","computer":"mathias-the-best","level":"warn","message":"Servidor Inicializado","timestamp":"2017-04-05T00:33:50.608Z"}
{"data":"2017-04-05T00:34:42.813Z","computer":"mathias-the-best","level":"warn","message":"Servidor Inicializado","timestamp":"2017-04-05T00:34:42.815Z"}
{"data":"2017-04-05T00:35:15.516Z","computer":"mathias-the-best","level":"warn","message":"Servidor Inicializado","timestamp":"2017-04-05T00:35:15.518Z"}
{"data":"2017-04-05T00:36:17.373Z","computer":"mathias-the-best","level":"warn","message":"Servidor Inicializado","timestamp":"2017-04-05T00:36:17.375Z"}
{"data":"2017-04-05T00:36:30.982Z","computer":"mathias-the-best","level":"warn","message":"Servidor Inicializado","timestamp":"2017-04-05T00:36:30.983Z"}
{"data":"2017-04-05T00:37:19.672Z","computer":"mathias-the-best","level":"warn","message":"Servidor Inicializado","timestamp":"2017-04-05T00:37:19.673Z"}
{"data":"2017-04-05T00:39:21.743Z","computer":"mathias-the-best","level":"warn","message":"Servidor Inicializado","timestamp":"2017-04-05T00:39:21.745Z"}
{"data":"2017-04-05T00:39:46.913Z","computer":"mathias-the-best","level":"warn","message":"Servidor Inicializado","timestamp":"2017-04-05T00:39:46.915Z"}
{"data":"2017-04-05T00:40:27.233Z","computer":"mathias-the-best","level":"warn","message":"Servidor Inicializado","timestamp":"2017-04-05T00:40:27.234Z"}
{"data":"2017-04-05T00:41:55.759Z","computer":"mathias-the-best","level":"warn","message":"Servidor Inicializado","timestamp":"2017-04-05T00:41:55.760Z"}
{"data":"2017-04-05T00:44:45.252Z","computer":"mathias-the-best","level":"warn","message":"Servidor Inicializado","timestamp":"2017-04-05T00:44:45.253Z"}
{"data":"2017-04-05T00:45:07.748Z","computer":"mathias-the-best","level":"warn","message":"Servidor Inicializado","timestamp":"2017-04-05T00:45:07.750Z"}
{"data":"2017-04-05T00:46:22.351Z","computer":"mathias-the-best","level":"warn","message":"Servidor Inicializado","timestamp":"2017-04-05T00:46:22.352Z"}
{"data":"2017-04-05T00:47:23.215Z","computer":"mathias-the-best","level":"warn","message":"Servidor Inicializado","timestamp":"2017-04-05T00:47:23.217Z"}
{"data":"2017-04-05T00:47:43.430Z","computer":"mathias-the-best","level":"warn","message":"Servidor Inicializado","timestamp":"2017-04-05T00:47:43.431Z"}
{"data":"2017-04-05T00:48:24.039Z","computer":"mathias-the-best","level":"warn","message":"Servidor Inicializado","timestamp":"2017-04-05T00:48:24.041Z"}
{"data":"2017-04-05T00:48:36.682Z","computer":"mathias-the-best","level":"warn","message":"Servidor Inicializado","timestamp":"2017-04-05T00:48:36.684Z"}
{"data":"2017-04-05T00:50:09.242Z","computer":"mathias-the-best","level":"warn","message":"Servidor Inicializado","timestamp":"2017-04-05T00:50:09.243Z"}
{"data":"2017-04-05T00:51:23.454Z","computer":"mathias-the-best","level":"warn","message":"Servidor Inicializado","timestamp":"2017-04-05T00:51:23.455Z"}
{"data":"2017-04-05T00:51:42.734Z","computer":"mathias-the-best","level":"warn","message":"Servidor Inicializado","timestamp":"2017-04-05T00:51:42.735Z"}
{"data":"2017-04-05T00:51:53.878Z","computer":"mathias-the-best","level":"warn","message":"Servidor Inicializado","timestamp":"2017-04-05T00:51:53.881Z"}
{"data":"2017-04-05T00:52:27.121Z","computer":"mathias-the-best","level":"warn","message":"Servidor Inicializado","timestamp":"2017-04-05T00:52:27.122Z"}
{"data":"2017-04-05T00:58:51.995Z","computer":"mathias-the-best","level":"warn","message":"Servidor Inicializado","timestamp":"2017-04-05T00:58:51.997Z"}
{"data":"2017-04-05T00:59:38.266Z","computer":"mathias-the-best","level":"warn","message":"Servidor Inicializado","timestamp":"2017-04-05T00:59:38.267Z"}
{"data":"2017-04-05T00:59:49.965Z","computer":"mathias-the-best","level":"warn","message":"Servidor Inicializado","timestamp":"2017-04-05T00:59:49.966Z"}
{"data":"2017-04-05T01:01:12.312Z","computer":"mathias-the-best","level":"warn","message":"Servidor Inicializado","timestamp":"2017-04-05T01:01:12.313Z"}
{"data":"2017-04-05T01:03:14.939Z","computer":"mathias-the-best","level":"warn","message":"Servidor Inicializado","timestamp":"2017-04-05T01:03:14.941Z"}
{"data":"2017-04-05T01:03:55.045Z","computer":"mathias-the-best","level":"warn","message":"Servidor Inicializado","timestamp":"2017-04-05T01:03:55.046Z"}
{"data":"2017-04-05T01:03:56.052Z","computer":"mathias-the-best","level":"warn","message":"Servidor Inicializado","timestamp":"2017-04-05T01:03:56.054Z"}
{"data":"2017-04-05T01:05:05.424Z","computer":"mathias-the-best","level":"warn","message":"Servidor Inicializado","timestamp":"2017-04-05T01:05:05.425Z"}
{"data":"2017-04-05T01:07:36.940Z","computer":"mathias-the-best","level":"warn","message":"Servidor Inicializado","timestamp":"2017-04-05T01:07:36.942Z"}
{"data":"2017-04-05T01:07:42.097Z","computer":"mathias-the-best","level":"warn","message":"Servidor Inicializado","timestamp":"2017-04-05T01:07:42.099Z"}
{"data":"2017-04-05T01:08:06.546Z","computer":"mathias-the-best","level":"warn","message":"Servidor Inicializado","timestamp":"2017-04-05T01:08:06.548Z"}
{"data":"2017-04-05T01:08:32.717Z","computer":"mathias-the-best","level":"warn","message":"Servidor Inicializado","timestamp":"2017-04-05T01:08:32.719Z"}
{"data":"2017-04-05T01:10:00.782Z","computer":"mathias-the-best","level":"warn","message":"Servidor Inicializado","timestamp":"2017-04-05T01:10:00.785Z"}
{"data":"2017-04-05T01:10:23.041Z","computer":"mathias-the-best","level":"warn","message":"Servidor Inicializado","timestamp":"2017-04-05T01:10:23.042Z"}
{"data":"2017-04-05T01:10:33.427Z","computer":"mathias-the-best","level":"warn","message":"Servidor Inicializado","timestamp":"2017-04-05T01:10:33.428Z"}
{"data":"2017-04-05T01:20:39.162Z","computer":"mathias-the-best","level":"warn","message":"Servidor Inicializado","timestamp":"2017-04-05T01:20:39.163Z"}
{"data":"2017-04-05T01:21:21.758Z","computer":"mathias-the-best","level":"warn","message":"Servidor Inicializado","timestamp":"2017-04-05T01:21:21.760Z"}
{"data":"2017-04-05T01:22:03.546Z","computer":"mathias-the-best","level":"warn","message":"Servidor Inicializado","timestamp":"2017-04-05T01:22:03.547Z"}
{"data":"2017-04-05T01:22:22.930Z","computer":"mathias-the-best","level":"warn","message":"Servidor Inicializado","timestamp":"2017-04-05T01:22:22.931Z"}
{"data":"2017-04-05T01:22:47.754Z","computer":"mathias-the-best","level":"warn","message":"Servidor Inicializado","timestamp":"2017-04-05T01:22:47.756Z"}
{"data":"2017-04-05T01:23:02.092Z","computer":"mathias-the-best","level":"warn","message":"Servidor Inicializado","timestamp":"2017-04-05T01:23:02.093Z"}
{"data":"2017-04-05T01:24:20.907Z","computer":"mathias-the-best","level":"warn","message":"Servidor Inicializado","timestamp":"2017-04-05T01:24:20.909Z"}
{"data":"2017-04-05T01:26:18.654Z","computer":"mathias-the-best","level":"warn","message":"Servidor Inicializado","timestamp":"2017-04-05T01:26:18.656Z"}
{"data":"2017-04-05T01:26:34.274Z","computer":"mathias-the-best","level":"warn","message":"Servidor Inicializado","timestamp":"2017-04-05T01:26:34.275Z"}
{"data":"2017-04-05T01:27:08.688Z","computer":"mathias-the-best","level":"warn","message":"Servidor Inicializado","timestamp":"2017-04-05T01:27:08.689Z"}
{"data":"2017-04-05T01:27:22.940Z","computer":"mathias-the-best","level":"warn","message":"Servidor Inicializado","timestamp":"2017-04-05T01:27:22.941Z"}
{"data":"2017-04-05T01:27:26.379Z","computer":"mathias-the-best","level":"warn","message":"Servidor Inicializado","timestamp":"2017-04-05T01:27:26.381Z"}
{"data":"2017-04-05T01:28:25.969Z","computer":"mathias-the-best","level":"warn","message":"Servidor Inicializado","timestamp":"2017-04-05T01:28:25.970Z"}
{"data":"2017-04-05T01:28:30.791Z","computer":"mathias-the-best","level":"warn","message":"Servidor Inicializado","timestamp":"2017-04-05T01:28:30.792Z"}
{"data":"2017-04-05T01:29:21.327Z","computer":"mathias-the-best","level":"warn","message":"Servidor Inicializado","timestamp":"2017-04-05T01:29:21.328Z"}
{"data":"2017-04-05T01:29:54.294Z","computer":"mathias-the-best","level":"warn","message":"Servidor Inicializado","timestamp":"2017-04-05T01:29:54.295Z"}
{"data":"2017-04-05T01:29:59.274Z","computer":"mathias-the-best","level":"warn","message":"Servidor Inicializado","timestamp":"2017-04-05T01:29:59.275Z"}
{"data":"2017-04-05T01:30:18.168Z","computer":"mathias-the-best","level":"warn","message":"Servidor Inicializado","timestamp":"2017-04-05T01:30:18.169Z"}
{"data":"2017-04-05T01:32:18.495Z","computer":"mathias-the-best","level":"warn","message":"Servidor Inicializado","timestamp":"2017-04-05T01:32:18.497Z"}
{"data":"2017-04-05T01:32:27.402Z","computer":"mathias-the-best","level":"warn","message":"Servidor Inicializado","timestamp":"2017-04-05T01:32:27.404Z"}
{"data":"2017-04-05T01:33:12.856Z","computer":"mathias-the-best","level":"warn","message":"Servidor Inicializado","timestamp":"2017-04-05T01:33:12.858Z"}
{"data":"2017-04-05T01:33:38.919Z","computer":"mathias-the-best","level":"warn","message":"Servidor Inicializado","timestamp":"2017-04-05T01:33:38.920Z"}
{"data":"2017-04-05T03:35:31.072Z","computer":"mathias-the-best","level":"warn","message":"Servidor Inicializado","timestamp":"2017-04-05T03:35:31.073Z"}
{"data":"2017-04-05T03:50:24.175Z","computer":"mathias-the-best","level":"warn","message":"Servidor Inicializado","timestamp":"2017-04-05T03:50:24.177Z"}
{"data":"2017-04-05T03:52:16.300Z","computer":"mathias-the-best","level":"warn","message":"Servidor Inicializado","timestamp":"2017-04-05T03:52:16.301Z"}
{"data":"2017-04-05T03:52:18.914Z","computer":"mathias-the-best","level":"warn","message":"Servidor Inicializado","timestamp":"2017-04-05T03:52:18.915Z"}
{"data":"2017-04-05T03:53:20.759Z","computer":"mathias-the-best","level":"warn","message":"Servidor Inicializado","timestamp":"2017-04-05T03:53:20.761Z"}
{"data":"2017-04-05T03:53:40.108Z","computer":"mathias-the-best","level":"warn","message":"Servidor Inicializado","timestamp":"2017-04-05T03:53:40.109Z"}
{"data":"2017-04-05T03:57:20.022Z","computer":"mathias-the-best","level":"warn","message":"Servidor Inicializado","timestamp":"2017-04-05T03:57:20.024Z"}
{"data":"2017-04-05T03:58:04.048Z","computer":"mathias-the-best","level":"warn","message":"Servidor Inicializado","timestamp":"2017-04-05T03:58:04.049Z"}
{"data":"2017-04-05T04:00:15.346Z","computer":"mathias-the-best","level":"warn","message":"Servidor Inicializado","timestamp":"2017-04-05T04:00:15.347Z"}
{"data":"2017-04-05T04:01:20.399Z","computer":"mathias-the-best","level":"warn","message":"Servidor Inicializado","timestamp":"2017-04-05T04:01:20.401Z"}
{"data":"2017-04-05T04:03:46.932Z","computer":"mathias-the-best","level":"warn","message":"Servidor Inicializado","timestamp":"2017-04-05T04:03:46.933Z"}
{"data":"2017-04-05T04:04:18.443Z","computer":"mathias-the-best","level":"warn","message":"Servidor Inicializado","timestamp":"2017-04-05T04:04:18.447Z"}
{"data":"2017-04-05T04:13:49.402Z","computer":"mathias-the-best","level":"warn","message":"Servidor Inicializado","timestamp":"2017-04-05T04:13:49.403Z"}
{"data":"2017-04-05T04:14:58.315Z","computer":"mathias-the-best","level":"warn","message":"Servidor Inicializado","timestamp":"2017-04-05T04:14:58.316Z"}
{"data":"2017-04-05T04:17:27.993Z","computer":"mathias-the-best","level":"warn","message":"Servidor Inicializado","timestamp":"2017-04-05T04:17:27.995Z"}
{"data":"2017-04-05T04:18:36.759Z","computer":"mathias-the-best","level":"warn","message":"Servidor Inicializado","timestamp":"2017-04-05T04:18:36.761Z"}
{"data":"2017-04-05T04:20:08.918Z","computer":"mathias-the-best","level":"warn","message":"Servidor Inicializado","timestamp":"2017-04-05T04:20:08.919Z"}
{"data":"2017-04-05T04:20:15.602Z","computer":"mathias-the-best","level":"warn","message":"Servidor Inicializado","timestamp":"2017-04-05T04:20:15.604Z"}
{"data":"2017-04-05T04:20:53.660Z","computer":"mathias-the-best","level":"warn","message":"Servidor Inicializado","timestamp":"2017-04-05T04:20:53.662Z"}
{"data":"2017-04-05T04:21:05.096Z","computer":"mathias-the-best","level":"warn","message":"Servidor Inicializado","timestamp":"2017-04-05T04:21:05.097Z"}
{"data":"2017-04-05T04:21:18.834Z","computer":"mathias-the-best","level":"warn","message":"Servidor Inicializado","timestamp":"2017-04-05T04:21:18.836Z"}
{"data":"2017-04-05T04:21:27.065Z","computer":"mathias-the-best","level":"warn","message":"Servidor Inicializado","timestamp":"2017-04-05T04:21:27.067Z"}
{"data":"2017-04-05T04:21:38.312Z","computer":"mathias-the-best","level":"warn","message":"Servidor Inicializado","timestamp":"2017-04-05T04:21:38.314Z"}
{"data":"2017-04-05T04:21:46.999Z","computer":"mathias-the-best","level":"warn","message":"Servidor Inicializado","timestamp":"2017-04-05T04:21:47.002Z"}
{"data":"2017-04-05T04:21:54.771Z","computer":"mathias-the-best","level":"warn","message":"Servidor Inicializado","timestamp":"2017-04-05T04:21:54.772Z"}
{"data":"2017-04-05T04:21:59.302Z","computer":"mathias-the-best","level":"warn","message":"Servidor Inicializado","timestamp":"2017-04-05T04:21:59.304Z"}
{"data":"2017-04-05T04:22:05.234Z","computer":"mathias-the-best","level":"warn","message":"Servidor Inicializado","timestamp":"2017-04-05T04:22:05.235Z"}
{"data":"2017-04-05T04:22:29.491Z","computer":"mathias-the-best","level":"warn","message":"Servidor Inicializado","timestamp":"2017-04-05T04:22:29.493Z"}
{"data":"2017-04-05T04:22:35.971Z","computer":"mathias-the-best","level":"warn","message":"Servidor Inicializado","timestamp":"2017-04-05T04:22:35.973Z"}
{"data":"2017-04-05T04:22:45.622Z","computer":"mathias-the-best","level":"warn","message":"Servidor Inicializado","timestamp":"2017-04-05T04:22:45.624Z"}
{"data":"2017-04-05T04:22:53.140Z","computer":"mathias-the-best","level":"warn","message":"Servidor Inicializado","timestamp":"2017-04-05T04:22:53.141Z"}
{"data":"2017-04-05T04:23:00.546Z","computer":"mathias-the-best","level":"warn","message":"Servidor Inicializado","timestamp":"2017-04-05T04:23:00.548Z"}
{"data":"2017-04-05T04:23:15.869Z","computer":"mathias-the-best","level":"warn","message":"Servidor Inicializado","timestamp":"2017-04-05T04:23:15.870Z"}
{"data":"2017-04-05T04:23:34.411Z","computer":"mathias-the-best","level":"warn","message":"Servidor Inicializado","timestamp":"2017-04-05T04:23:34.413Z"}
{"data":"2017-04-05T04:23:42.031Z","computer":"mathias-the-best","level":"warn","message":"Servidor Inicializado","timestamp":"2017-04-05T04:23:42.033Z"}
{"data":"2017-04-05T04:23:46.871Z","computer":"mathias-the-best","level":"warn","message":"Servidor Inicializado","timestamp":"2017-04-05T04:23:46.872Z"}
{"data":"2017-04-05T04:23:54.881Z","computer":"mathias-the-best","level":"warn","message":"Servidor Inicializado","timestamp":"2017-04-05T04:23:54.882Z"}
{"data":"2017-04-05T04:27:15.553Z","computer":"mathias-the-best","level":"warn","message":"Servidor Inicializado","timestamp":"2017-04-05T04:27:15.554Z"}
{"data":"2017-04-05T04:28:05.194Z","computer":"mathias-the-best","level":"warn","message":"Servidor Inicializado","timestamp":"2017-04-05T04:28:05.195Z"}
{"data":"2017-04-05T13:19:40.351Z","computer":"mathias-the-best","level":"warn","message":"Servidor Inicializado","timestamp":"2017-04-05T13:19:40.352Z"}
{"data":"2017-04-06T01:20:19.089Z","computer":"mathias-the-best","level":"warn","message":"Servidor Inicializado","timestamp":"2017-04-06T01:20:19.091Z"}
{"data":"2017-04-06T14:38:11.501Z","computer":"mathias-the-best","level":"warn","message":"Servidor Inicializado","timestamp":"2017-04-06T14:38:11.502Z"}
{"data":"2017-04-06T14:39:25.679Z","computer":"mathias-the-best","level":"warn","message":"Servidor Inicializado","timestamp":"2017-04-06T14:39:25.680Z"}
{"data":"2017-04-06T14:40:15.037Z","computer":"mathias-the-best","level":"warn","message":"Servidor Inicializado","timestamp":"2017-04-06T14:40:15.038Z"}
{"data":"2017-04-06T14:40:30.835Z","computer":"mathias-the-best","level":"warn","message":"Servidor Inicializado","timestamp":"2017-04-06T14:40:30.837Z"}
{"data":"2017-04-06T14:42:15.923Z","computer":"mathias-the-best","level":"warn","message":"Servidor Inicializado","timestamp":"2017-04-06T14:42:15.924Z"}
{"data":"2017-04-09T15:11:29.013Z","computer":"mathias-the-best","level":"warn","message":"Servidor Inicializado","timestamp":"2017-04-09T15:11:29.014Z"}
{"data":"2017-04-09T15:11:57.296Z","computer":"mathias-the-best","level":"warn","message":"Servidor Inicializado","timestamp":"2017-04-09T15:11:57.298Z"}
{"data":"2017-04-09T15:12:45.306Z","computer":"mathias-the-best","level":"warn","message":"Servidor Inicializado","timestamp":"2017-04-09T15:12:45.307Z"}
{"data":"2017-04-09T15:12:58.861Z","computer":"mathias-the-best","level":"warn","message":"Servidor Inicializado","timestamp":"2017-04-09T15:12:58.863Z"}
{"data":"2017-04-09T15:13:11.400Z","computer":"mathias-the-best","level":"warn","message":"Servidor Inicializado","timestamp":"2017-04-09T15:13:11.401Z"}
{"data":"2017-04-09T15:13:43.778Z","computer":"mathias-the-best","level":"warn","message":"Servidor Inicializado","timestamp":"2017-04-09T15:13:43.780Z"}
{"data":"2017-04-09T15:13:53.137Z","computer":"mathias-the-best","level":"warn","message":"Servidor Inicializado","timestamp":"2017-04-09T15:13:53.138Z"}
{"data":"2017-04-09T15:14:02.448Z","computer":"mathias-the-best","level":"warn","message":"Servidor Inicializado","timestamp":"2017-04-09T15:14:02.450Z"}
{"data":"2017-04-09T15:14:08.742Z","computer":"mathias-the-best","level":"warn","message":"Servidor Inicializado","timestamp":"2017-04-09T15:14:08.744Z"}
{"data":"2017-04-09T15:14:34.484Z","computer":"mathias-the-best","level":"warn","message":"Servidor Inicializado","timestamp":"2017-04-09T15:14:34.486Z"}
{"data":"2017-04-09T15:14:46.340Z","computer":"mathias-the-best","level":"warn","message":"Servidor Inicializado","timestamp":"2017-04-09T15:14:46.341Z"}
{"data":"2017-04-09T15:15:09.485Z","computer":"mathias-the-best","ipComputer":"127.0.0.1","level":"warn","message":"Servidor Inicializado","timestamp":"2017-04-09T15:15:09.486Z"}
{"data":"2017-04-09T15:16:16.841Z","computer":"mathias-the-best","ipComputer":"127.0.0.1","level":"warn","message":"Servidor Inicializado","timestamp":"2017-04-09T15:16:16.843Z"}
{"data":"2017-04-09T15:22:28.364Z","computer":"mathias-the-best","ipComputer":"127.0.0.1","level":"warn","message":"Servidor Inicializado","timestamp":"2017-04-09T15:22:28.366Z"}
{"data":"2017-04-09T15:22:59.990Z","computer":"mathias-the-best","ipComputer":"127.0.0.1","level":"warn","message":"Servidor Inicializado","timestamp":"2017-04-09T15:22:59.992Z"}
{"data":"2017-04-09T15:23:11.440Z","computer":"mathias-the-best","ipComputer":"127.0.0.1","level":"warn","message":"Servidor Inicializado","timestamp":"2017-04-09T15:23:11.441Z"}
{"data":"2017-04-09T15:24:04.630Z","computer":"mathias-the-best","ipComputer":"127.0.0.1","level":"warn","message":"Servidor Inicializado","timestamp":"2017-04-09T15:24:04.631Z"}
{"data":"2017-04-09T15:36:41.338Z","computer":"mathias-the-best","ipComputer":"127.0.0.1","level":"warn","message":"Servidor Inicializado","timestamp":"2017-04-09T15:36:41.339Z"}
{"data":"2017-04-09T15:41:45.590Z","computer":"mathias-the-best","ipComputer":"127.0.0.1","level":"warn","message":"Servidor Inicializado","timestamp":"2017-04-09T15:41:45.591Z"}
{"data":"2017-04-09T15:41:51.566Z","computer":"mathias-the-best","ipComputer":"127.0.0.1","level":"warn","message":"Servidor Inicializado","timestamp":"2017-04-09T15:41:51.567Z"}
{"data":"2017-04-09T15:43:03.543Z","computer":"mathias-the-best","ipComputer":"127.0.0.1","level":"warn","message":"Servidor Inicializado","timestamp":"2017-04-09T15:43:03.545Z"}
{"data":"2017-04-09T15:43:30.240Z","computer":"mathias-the-best","ipComputer":"127.0.0.1","level":"warn","message":"Servidor Inicializado","timestamp":"2017-04-09T15:43:30.242Z"}
{"data":"2017-04-10T10:42:34.516Z","computer":"mathias-the-best","ipComputer":"127.0.0.1","level":"warn","message":"Servidor Inicializado","timestamp":"2017-04-10T10:42:34.517Z"}
{"data":"2017-04-10T10:42:54.807Z","computer":"mathias-the-best","ipComputer":"127.0.0.1","level":"warn","message":"Servidor Inicializado","timestamp":"2017-04-10T10:42:54.809Z"}
{"data":"2017-04-10T10:42:55.922Z","computer":"mathias-the-best","ipComputer":"127.0.0.1","level":"warn","message":"Servidor Inicializado","timestamp":"2017-04-10T10:42:55.924Z"}
{"data":"2017-04-10T10:43:41.687Z","computer":"mathias-the-best","ipComputer":"127.0.0.1","level":"warn","message":"Servidor Inicializado","timestamp":"2017-04-10T10:43:41.688Z"}
{"data":"2017-04-14T18:44:23.150Z","computer":"mathias-the-best","ipComputer":"127.0.0.1","level":"warn","message":"Servidor Inicializado","timestamp":"2017-04-14T18:44:23.151Z"}
{"data":"2017-04-14T19:01:09.592Z","computer":"mathias-the-best","ipComputer":"127.0.0.1","level":"warn","message":"Servidor Inicializado","timestamp":"2017-04-14T19:01:09.593Z"}
{"data":"2017-04-14T19:37:01.313Z","computer":"mathias-the-best","ipComputer":"127.0.0.1","level":"warn","message":"Servidor Inicializado","timestamp":"2017-04-14T19:37:01.314Z"}
{"data":"2017-04-15T00:26:05.458Z","computer":"mathias-the-best","ipComputer":"127.0.0.1","level":"warn","message":"Servidor Inicializado","timestamp":"2017-04-15T00:26:05.459Z"}
{"data":"2017-04-16T00:39:08.194Z","computer":"mathias-the-best","ipComputer":"127.0.0.1","level":"warn","message":"Servidor Inicializado","timestamp":"2017-04-16T00:39:08.196Z"}
{"data":"2017-04-16T00:40:57.084Z","computer":"mathias-the-best","ipComputer":"127.0.0.1","level":"warn","message":"Servidor Inicializado","timestamp":"2017-04-16T00:40:57.085Z"}
{"data":"2017-04-16T00:41:07.796Z","computer":"mathias-the-best","ipComputer":"127.0.0.1","level":"warn","message":"Servidor Inicializado","timestamp":"2017-04-16T00:41:07.797Z"}
{"data":"2017-04-16T00:43:23.251Z","computer":"mathias-the-best","ipComputer":"127.0.0.1","level":"warn","message":"Servidor Inicializado","timestamp":"2017-04-16T00:43:23.253Z"}
{"data":"2017-04-16T00:52:45.920Z","computer":"mathias-the-best","ipComputer":"127.0.0.1","level":"warn","message":"Servidor Inicializado","timestamp":"2017-04-16T00:52:45.922Z"}
{"data":"2017-04-16T00:53:27.185Z","computer":"mathias-the-best","ipComputer":"127.0.0.1","level":"warn","message":"Servidor Inicializado","timestamp":"2017-04-16T00:53:27.186Z"}
{"data":"2017-04-16T00:54:44.993Z","computer":"mathias-the-best","ipComputer":"127.0.0.1","level":"warn","message":"Servidor Inicializado","timestamp":"2017-04-16T00:54:44.995Z"}
{"data":"2017-04-16T00:54:48.090Z","computer":"mathias-the-best","ipComputer":"127.0.0.1","level":"warn","message":"Servidor Inicializado","timestamp":"2017-04-16T00:54:48.091Z"}
{"data":"2017-04-16T00:55:26.869Z","computer":"mathias-the-best","ipComputer":"127.0.0.1","level":"warn","message":"Servidor Inicializado","timestamp":"2017-04-16T00:55:26.871Z"}
{"data":"2017-04-16T00:55:51.334Z","computer":"mathias-the-best","ipComputer":"127.0.0.1","level":"warn","message":"Servidor Inicializado","timestamp":"2017-04-16T00:55:51.335Z"}
{"data":"2017-04-16T00:59:44.222Z","computer":"mathias-the-best","ipComputer":"127.0.0.1","level":"warn","message":"Servidor Inicializado","timestamp":"2017-04-16T00:59:44.223Z"}
{"data":"2017-04-16T01:00:25.158Z","computer":"mathias-the-best","ipComputer":"127.0.0.1","level":"warn","message":"Servidor Inicializado","timestamp":"2017-04-16T01:00:25.159Z"}
{"data":"2017-04-16T01:00:36.276Z","computer":"mathias-the-best","ipComputer":"127.0.0.1","level":"warn","message":"Servidor Inicializado","timestamp":"2017-04-16T01:00:36.277Z"}
{"data":"2017-04-16T01:01:35.989Z","computer":"mathias-the-best","ipComputer":"127.0.0.1","level":"warn","message":"Servidor Inicializado","timestamp":"2017-04-16T01:01:35.990Z"}
{"data":"2017-04-16T01:03:00.990Z","computer":"mathias-the-best","ipComputer":"127.0.0.1","level":"warn","message":"Servidor Inicializado","timestamp":"2017-04-16T01:03:00.991Z"}
{"data":"2017-04-16T01:03:29.217Z","computer":"mathias-the-best","ipComputer":"127.0.0.1","level":"warn","message":"Servidor Inicializado","timestamp":"2017-04-16T01:03:29.220Z"}
{"data":"2017-04-16T01:05:30.122Z","computer":"mathias-the-best","ipComputer":"127.0.0.1","level":"warn","message":"Servidor Inicializado","timestamp":"2017-04-16T01:05:30.124Z"}
{"data":"2017-04-16T01:05:44.686Z","computer":"mathias-the-best","ipComputer":"127.0.0.1","level":"warn","message":"Servidor Inicializado","timestamp":"2017-04-16T01:05:44.687Z"}
{"data":"2017-04-16T01:05:51.680Z","computer":"mathias-the-best","ipComputer":"127.0.0.1","level":"warn","message":"Servidor Inicializado","timestamp":"2017-04-16T01:05:51.682Z"}
{"data":"2017-04-16T01:05:58.092Z","computer":"mathias-the-best","ipComputer":"127.0.0.1","level":"warn","message":"Servidor Inicializado","timestamp":"2017-04-16T01:05:58.094Z"}
{"data":"2017-04-16T01:06:05.714Z","computer":"mathias-the-best","ipComputer":"127.0.0.1","level":"warn","message":"Servidor Inicializado","timestamp":"2017-04-16T01:06:05.716Z"}
{"data":"2017-04-16T01:06:14.039Z","computer":"mathias-the-best","ipComputer":"127.0.0.1","level":"warn","message":"Servidor Inicializado","timestamp":"2017-04-16T01:06:14.040Z"}
{"data":"2017-04-16T01:06:21.401Z","computer":"mathias-the-best","ipComputer":"127.0.0.1","level":"warn","message":"Servidor Inicializado","timestamp":"2017-04-16T01:06:21.403Z"}
{"data":"2017-04-16T01:06:27.146Z","computer":"mathias-the-best","ipComputer":"127.0.0.1","level":"warn","message":"Servidor Inicializado","timestamp":"2017-04-16T01:06:27.148Z"}
{"data":"2017-04-16T01:06:40.303Z","computer":"mathias-the-best","ipComputer":"127.0.0.1","level":"warn","message":"Servidor Inicializado","timestamp":"2017-04-16T01:06:40.304Z"}
{"data":"2017-04-16T01:06:47.694Z","computer":"mathias-the-best","ipComputer":"127.0.0.1","level":"warn","message":"Servidor Inicializado","timestamp":"2017-04-16T01:06:47.695Z"}
{"data":"2017-04-16T01:09:14.805Z","computer":"mathias-the-best","ipComputer":"127.0.0.1","level":"warn","message":"Servidor Inicializado","timestamp":"2017-04-16T01:09:14.806Z"}
{"data":"2017-04-16T01:09:47.859Z","computer":"mathias-the-best","ipComputer":"127.0.0.1","level":"warn","message":"Servidor Inicializado","timestamp":"2017-04-16T01:09:47.860Z"}
{"data":"2017-04-16T01:10:16.485Z","computer":"mathias-the-best","ipComputer":"127.0.0.1","level":"warn","message":"Servidor Inicializado","timestamp":"2017-04-16T01:10:16.486Z"}
{"data":"2017-04-16T01:11:15.853Z","computer":"mathias-the-best","ipComputer":"127.0.0.1","level":"warn","message":"Servidor Inicializado","timestamp":"2017-04-16T01:11:15.854Z"}
{"data":"2017-04-16T01:11:34.240Z","computer":"mathias-the-best","ipComputer":"127.0.0.1","level":"warn","message":"Servidor Inicializado","timestamp":"2017-04-16T01:11:34.241Z"}
{"data":"2017-04-16T01:11:54.427Z","computer":"mathias-the-best","ipComputer":"127.0.0.1","level":"warn","message":"Servidor Inicializado","timestamp":"2017-04-16T01:11:54.428Z"}
{"data":"2017-04-16T01:12:26.192Z","computer":"mathias-the-best","ipComputer":"127.0.0.1","level":"warn","message":"Servidor Inicializado","timestamp":"2017-04-16T01:12:26.193Z"}
{"data":"2017-04-16T01:13:02.096Z","computer":"mathias-the-best","ipComputer":"127.0.0.1","level":"warn","message":"Servidor Inicializado","timestamp":"2017-04-16T01:13:02.098Z"}
{"data":"2017-04-16T01:13:31.874Z","computer":"mathias-the-best","ipComputer":"127.0.0.1","level":"warn","message":"Servidor Inicializado","timestamp":"2017-04-16T01:13:31.875Z"}
{"data":"2017-04-16T01:13:44.908Z","computer":"mathias-the-best","ipComputer":"127.0.0.1","level":"warn","message":"Servidor Inicializado","timestamp":"2017-04-16T01:13:44.910Z"}
{"data":"2017-04-16T01:15:52.769Z","computer":"mathias-the-best","ipComputer":"127.0.0.1","level":"warn","message":"Servidor Inicializado","timestamp":"2017-04-16T01:15:52.770Z"}
{"data":"2017-04-16T01:15:56.931Z","computer":"mathias-the-best","ipComputer":"127.0.0.1","level":"warn","message":"Servidor Inicializado","timestamp":"2017-04-16T01:15:56.933Z"}
{"data":"2017-04-16T01:41:22.941Z","computer":"mathias-the-best","ipComputer":"127.0.0.1","level":"warn","message":"Servidor Inicializado","timestamp":"2017-04-16T01:41:22.942Z"}
{"data":"2017-04-16T01:42:02.858Z","computer":"mathias-the-best","ipComputer":"127.0.0.1","level":"warn","message":"Servidor Inicializado","timestamp":"2017-04-16T01:42:02.859Z"}
{"data":"2017-04-16T01:42:28.155Z","computer":"mathias-the-best","ipComputer":"127.0.0.1","level":"warn","message":"Servidor Inicializado","timestamp":"2017-04-16T01:42:28.157Z"}
{"data":"2017-04-16T01:43:15.256Z","computer":"mathias-the-best","ipComputer":"127.0.0.1","level":"warn","message":"Servidor Inicializado","timestamp":"2017-04-16T01:43:15.258Z"}
{"data":"2017-04-16T01:44:33.805Z","computer":"mathias-the-best","ipComputer":"127.0.0.1","level":"warn","message":"Servidor Inicializado","timestamp":"2017-04-16T01:44:33.807Z"}
{"data":"2017-04-16T01:44:33.820Z","computer":"mathias-the-best","ipComputer":"127.0.0.1","level":"warn","message":"Servidor Inicializado","timestamp":"2017-04-16T01:44:33.821Z"}
{"data":"2017-04-16T01:44:59.581Z","computer":"mathias-the-best","ipComputer":"127.0.0.1","level":"warn","message":"Servidor Inicializado","timestamp":"2017-04-16T01:44:59.582Z"}
{"data":"2017-04-16T01:44:59.587Z","computer":"mathias-the-best","ipComputer":"127.0.0.1","level":"warn","message":"Servidor Inicializado","timestamp":"2017-04-16T01:44:59.589Z"}
{"data":"2017-04-16T01:46:57.564Z","computer":"mathias-the-best","ipComputer":"127.0.0.1","level":"warn","message":"Servidor Inicializado","timestamp":"2017-04-16T01:46:57.565Z"}
{"data":"2017-04-16T01:47:05.202Z","computer":"mathias-the-best","ipComputer":"127.0.0.1","level":"warn","message":"Servidor Inicializado","timestamp":"2017-04-16T01:47:05.203Z"}
{"data":"2017-04-16T01:47:53.868Z","computer":"mathias-the-best","ipComputer":"127.0.0.1","level":"warn","message":"Servidor Inicializado","timestamp":"2017-04-16T01:47:53.869Z"}
{"data":"2017-04-16T01:47:53.875Z","computer":"mathias-the-best","ipComputer":"127.0.0.1","level":"warn","message":"Servidor Inicializado","timestamp":"2017-04-16T01:47:53.877Z"}
{"data":"2017-04-16T01:47:59.704Z","computer":"mathias-the-best","ipComputer":"127.0.0.1","level":"warn","message":"Servidor Inicializado","timestamp":"2017-04-16T01:47:59.706Z"}
{"data":"2017-04-16T01:47:59.803Z","computer":"mathias-the-best","ipComputer":"127.0.0.1","level":"warn","message":"Servidor Inicializado","timestamp":"2017-04-16T01:47:59.805Z"}
{"data":"2017-04-16T01:48:05.032Z","computer":"mathias-the-best","ipComputer":"127.0.0.1","level":"warn","message":"Servidor Inicializado","timestamp":"2017-04-16T01:48:05.034Z"}
{"data":"2017-04-16T01:48:05.034Z","computer":"mathias-the-best","ipComputer":"127.0.0.1","level":"warn","message":"Servidor Inicializado","timestamp":"2017-04-16T01:48:05.036Z"}
{"data":"2017-04-17T10:45:51.512Z","computer":"mathias-the-best","ipComputer":"127.0.0.1","level":"warn","message":"Servidor Inicializado","timestamp":"2017-04-17T10:45:51.514Z"}
